0 info it worked if it ends with ok
1 verbose cli [ '/usr/local/bin/node',
1 verbose cli   '/Users/lifeifei/.nvm/versions/node/v6.1.0/bin/npm',
1 verbose cli   'run',
1 verbose cli   'start' ]
2 info using npm@3.8.6
3 info using node@v4.4.4
4 verbose run-script [ 'prestart', 'start', 'poststart' ]
5 info lifecycle reactnativeinit@1.0.0~prestart: reactnativeinit@1.0.0
6 silly lifecycle reactnativeinit@1.0.0~prestart: no script for prestart, continuing
7 info lifecycle reactnativeinit@1.0.0~start: reactnativeinit@1.0.0
8 verbose lifecycle reactnativeinit@1.0.0~start: unsafe-perm in lifecycle true
9 verbose lifecycle reactnativeinit@1.0.0~start: PATH: /Users/lifeifei/.nvm/versions/node/v6.1.0/lib/node_modules/npm/bin/node-gyp-bin:/Users/lifeifei/Documents/react-native/RN_integrate_android/node_modules/.bin:/usr/local/bin:/usr/local/bin:/usr/local/bin:/usr/local/bin:/Users/lifeifei/.nvm/versions/node/v6.1.0/bin:/usr/local/bin:/usr/bin:/bin:/usr/sbin:/sbin
10 verbose lifecycle reactnativeinit@1.0.0~start: CWD: /Users/lifeifei/Documents/react-native/RN_integrate_android
11 silly lifecycle reactnativeinit@1.0.0~start: Args: [ '-c',
11 silly lifecycle   'node node_modules/react-native/local-cli/cli.js start' ]
12 silly lifecycle reactnativeinit@1.0.0~start: Returned: code: 11  signal: null
13 info lifecycle reactnativeinit@1.0.0~start: Failed to exec start script
14 verbose stack Error: reactnativeinit@1.0.0 start: `node node_modules/react-native/local-cli/cli.js start`
14 verbose stack Exit status 11
14 verbose stack     at EventEmitter.<anonymous> (/Users/lifeifei/.nvm/versions/node/v6.1.0/lib/node_modules/npm/lib/utils/lifecycle.js:239:16)
14 verbose stack     at emitTwo (events.js:87:13)
14 verbose stack     at EventEmitter.emit (events.js:172:7)
14 verbose stack     at ChildProcess.<anonymous> (/Users/lifeifei/.nvm/versions/node/v6.1.0/lib/node_modules/npm/lib/utils/spawn.js:24:14)
14 verbose stack     at emitTwo (events.js:87:13)
14 verbose stack     at ChildProcess.emit (events.js:172:7)
14 verbose stack     at maybeClose (internal/child_process.js:827:16)
14 verbose stack     at Process.ChildProcess._handle.onexit (internal/child_process.js:211:5)
15 verbose pkgid reactnativeinit@1.0.0
16 verbose cwd /Users/lifeifei/Documents/react-native/RN_integrate_android
17 error Darwin 16.3.0
18 error argv "/usr/local/bin/node" "/Users/lifeifei/.nvm/versions/node/v6.1.0/bin/npm" "run" "start"
19 error node v4.4.4
20 error npm  v3.8.6
21 error code ELIFECYCLE
22 error reactnativeinit@1.0.0 start: `node node_modules/react-native/local-cli/cli.js start`
22 error Exit status 11
23 error Failed at the reactnativeinit@1.0.0 start script 'node node_modules/react-native/local-cli/cli.js start'.
23 error Make sure you have the latest version of node.js and npm installed.
23 error If you do, this is most likely a problem with the reactnativeinit package,
23 error not with npm itself.
23 error Tell the author that this fails on your system:
23 error     node node_modules/react-native/local-cli/cli.js start
23 error You can get information on how to open an issue for this project with:
23 error     npm bugs reactnativeinit
23 error Or if that isn't available, you can get their info via:
23 error     npm owner ls reactnativeinit
23 error There is likely additional logging output above.
24 verbose exit [ 1, true ]
